SessionID=db0c27de-b430-4f7e-8a71-15127651a471.1606046194176 Timestamp=2020-11-22T03:56:34:176-0800 ThreadID=8312 Component=ngl-lib_NglAppLib Description="-------- Initializing session logs --------"
SessionID=db0c27de-b430-4f7e-8a71-15127651a471.1606046194176 Timestamp=2020-11-22T03:56:34:177-0800 ThreadID=8312 Component=ngl-lib_kOperatingConfig Description="GetRuntimeDetails: No operating configs found"
SessionID=db0c27de-b430-4f7e-8a71-15127651a471.1606046194176 Timestamp=2020-11-22T03:56:34:177-0800 ThreadID=8312 Component=ngl-lib_kOperatingConfig Description="GetRuntimeDetails: Fallback to NAMED_USER_ONLINE!!"
SessionID=db0c27de-b430-4f7e-8a71-15127651a471.1606046194176 Timestamp=2020-11-22T03:56:34:177-0800 ThreadID=8312 Component=ngl-lib_kOperatingConfig Description="Deserialize: No Operating Config file, default init"
SessionID=db0c27de-b430-4f7e-8a71-15127651a471.1606046194176 Timestamp=2020-11-22T03:56:34:178-0800 ThreadID=8312 Component=ngl-lib_NglAppLib Description="SetConfig: OS Name=WINDOWS_64, OS Version=10.0.17134.1"
SessionID=db0c27de-b430-4f7e-8a71-15127651a471.1606046194176 Timestamp=2020-11-22T03:56:34:178-0800 ThreadID=8312 Component=ngl-lib_NglAppLib Description="SetConfig: NGLLibVersion=1.20.1.3, Environment=5, Runtimemode=NAMED_USER_ONLINE, NpdID="
SessionID=db0c27de-b430-4f7e-8a71-15127651a471.1606046194176 Timestamp=2020-11-22T03:56:34:178-0800 ThreadID=8312 Component=ngl-lib_NglAppLib Description="SetConfig: ClientID=CreativeCloud_v5_3, AppID=CreativeCloud1, AppVersion=5.1"
SessionID=db0c27de-b430-4f7e-8a71-15127651a471.1606046194176 Timestamp=2020-11-22T03:56:34:178-0800 ThreadID=8312 Component=ngl-lib_NglController Description="NglController: constructor invoked in 5 license mode"
SessionID=db0c27de-b430-4f7e-8a71-15127651a471.1606046194176 Timestamp=2020-11-22T03:56:34:178-0800 ThreadID=8312 Component=ngl-lib_NglController Description="InitializeProfileUpdates: invoked and running in headed mode"
SessionID=db0c27de-b430-4f7e-8a71-15127651a471.1606046194176 Timestamp=2020-11-22T03:56:34:375-0800 ThreadID=8364 Component=ngl-lib_SPVerifier Description="IsValidSignedProfile: Signature verification success"
SessionID=db0c27de-b430-4f7e-8a71-15127651a471.1606046194176 Timestamp=2020-11-22T03:56:34:377-0800 ThreadID=8364 Component=ngl-lib_InMemoryStorage Description="SetASNP  Setting onLocalSignout as it does have a valid value, before - 10 , now - 404"
SessionID=db0c27de-b430-4f7e-8a71-15127651a471.1606046194176 Timestamp=2020-11-22T03:56:34:377-0800 ThreadID=8364 Component=ngl-lib_NUSecureProfileFetcher Description="ValidateAndGetCachedSP : ASNP from cache successfully retrieved/validated"
SessionID=db0c27de-b430-4f7e-8a71-15127651a471.1606046194176 Timestamp=2020-11-22T03:56:34:377-0800 ThreadID=8364 Component=ngl-lib_NglAppLib ErrorID=403 Description="GetCachedNglProfile Status: NGL Profile Unavailable"
SessionID=db0c27de-b430-4f7e-8a71-15127651a471.1606046194176 Timestamp=2020-11-22T03:56:34:396-0800 ThreadID=8364 Component=ngl-lib_NUSecureProfileDao Description="GetPrefetchedSecureProfile : Prefetched ASNP not found"
SessionID=db0c27de-b430-4f7e-8a71-15127651a471.1606046194176 Timestamp=2020-11-22T03:56:34:396-0800 ThreadID=8364 Component=ngl-lib_NUSecureProfileFetcher ErrorID=SPDaoLevelStatus:11 Description="ValidateAndGetPrefetchedSP : Failed to fetch prefetched ASNP"
SessionID=db0c27de-b430-4f7e-8a71-15127651a471.1606046194176 Timestamp=2020-11-22T03:56:34:396-0800 ThreadID=8364 Component=ngl-lib_NglAppLib ErrorID=228 Description="GetPrefetchedNglProfile Status: Data Not Found : Cached NGL Profile"
SessionID=db0c27de-b430-4f7e-8a71-15127651a471.1606046194176 Timestamp=2020-11-22T03:56:34:396-0800 ThreadID=8312 Component=ngl-lib_NglController Description="ExecuteRequest: request id: 1 api: 0 data?: no workflow?: no"
SessionID=db0c27de-b430-4f7e-8a71-15127651a471.1606046194176 Timestamp=2020-11-22T03:56:34:396-0800 ThreadID=8312 Component=ngl-lib_NglController Description="ExecuteRequest: request id: 2 api: 0 data?: no workflow?: no"
SessionID=db0c27de-b430-4f7e-8a71-15127651a471.1606046194176 Timestamp=2020-11-22T03:56:34:396-0800 ThreadID=8312 Component=ngl-lib_NglController Description="InitializeProfileUpdates: Initial internal status = 403"
SessionID=db0c27de-b430-4f7e-8a71-15127651a471.1606046194176 Timestamp=2020-11-22T03:56:34:396-0800 ThreadID=8312 Component=ngl-lib_NglController Description="LogCurrentUser: CachedNotValidated UserID=d984c0144143d6abee6559f5d44793177226cdc1"
SessionID=db0c27de-b430-4f7e-8a71-15127651a471.1606046194176 Timestamp=2020-11-22T03:56:34:396-0800 ThreadID=8312 Component=ngl-lib_NglController Description="InitializeWorkflows: invoked"
SessionID=db0c27de-b430-4f7e-8a71-15127651a471.1606046194176 Timestamp=2020-11-22T03:56:34:397-0800 ThreadID=8312 Component=ngl-lib_NglAppLib Description="SetAppRuntimeConfig: AppLocale=en_US"
SessionID=db0c27de-b430-4f7e-8a71-15127651a471.1606046194176 Timestamp=2020-11-22T03:56:34:397-0800 ThreadID=8312 Component=ngl-lib_NglController Description="StartRecurringAuthAndProfileChecks: invoked"
SessionID=db0c27de-b430-4f7e-8a71-15127651a471.1606046194176 Timestamp=2020-11-22T03:56:34:397-0800 ThreadID=8380 Component=ngl-lib_NglController Description="InitialProfileTimer: app is licensed"
SessionID=db0c27de-b430-4f7e-8a71-15127651a471.1606046194176 Timestamp=2020-11-22T03:56:34:400-0800 ThreadID=8384 Component=ngl-lib_HttpRestConnectorForPost Description="SendHttpRequestSync: Post Request about to start"
SessionID=db0c27de-b430-4f7e-8a71-15127651a471.1606046194176 Timestamp=2020-11-22T03:56:34:400-0800 ThreadID=8384 Component=ngl-lib_HttpRequest Description="SendHttpRequestSyncInternal detected Windows version >= 8.1, using auto proxy settings"
SessionID=db0c27de-b430-4f7e-8a71-15127651a471.1606046194176 Timestamp=2020-11-22T03:56:34:409-0800 ThreadID=8384 Component=ngl-lib_HttpRequest Description="SendHttpRequestSyncInternal: Calling endpoint https://ims-prod06.adobelogin.com/ims/token/v1"
SessionID=db0c27de-b430-4f7e-8a71-15127651a471.1606046194176 Timestamp=2020-11-22T03:56:34:421-0800 ThreadID=8384 Component=ngl-lib_HttpRequest Description="SendHttpRequestSyncInternal failed in http send or request cancelled, error 12007"
SessionID=db0c27de-b430-4f7e-8a71-15127651a471.1606046194176 Timestamp=2020-11-22T03:56:34:422-0800 ThreadID=8384 Component=ngl-lib_HttpRestConnectorForPost Description="SendHttpRequestSync: Post Request complete"
SessionID=db0c27de-b430-4f7e-8a71-15127651a471.1606046194176 Timestamp=2020-11-22T03:56:34:422-0800 ThreadID=8384 Component=ngl-lib_IMSConnector Description="FetchAccessTokenFromDeviceTokenInternal : Http error 65535 occurred with Error response "
SessionID=db0c27de-b430-4f7e-8a71-15127651a471.1606046194176 Timestamp=2020-11-22T03:56:34:422-0800 ThreadID=8384 Component=ngl-lib_NUSecureProfileFetcher ErrorID=IMSConnectorStatus:7 Description="GetDeviceTokenAndProfile : Access token fetch failed"
SessionID=db0c27de-b430-4f7e-8a71-15127651a471.1606046194176 Timestamp=2020-11-22T03:56:34:422-0800 ThreadID=8384 Component=ngl-lib_NglAppLib ErrorID=248 Description="GetLatestNglProfile Status: Cannot fetch with NGLU nottified token temporarily"
SessionID=db0c27de-b430-4f7e-8a71-15127651a471.1606046194176 Timestamp=2020-11-22T03:56:34:422-0800 ThreadID=8384 Component=ngl-lib_NglController Description="ProcessV2Profile: request id: 2 api: 0 call-status: 248 profile-status: 404 sequence: initial workflow?: no spinner?: no"
SessionID=db0c27de-b430-4f7e-8a71-15127651a471.1606046194176 Timestamp=2020-11-22T03:56:34:422-0800 ThreadID=8384 Component=ngl-lib_NglController Description="HandleV2Response: Cannot handle undefined response (request 2 type 9 status 404 sequence initial)"
SessionID=db0c27de-b430-4f7e-8a71-15127651a471.1606046194176 Timestamp=2020-11-22T03:56:34:422-0800 ThreadID=8384 Component=ngl-lib_NglController Description="ProcessV2Profile: request id: 2 api: 0 call-status: 248 profile-status: 404 sequence: initial workflow?: no spinner?: no"
SessionID=db0c27de-b430-4f7e-8a71-15127651a471.1606046194176 Timestamp=2020-11-22T03:56:34:422-0800 ThreadID=8384 Component=ngl-lib_NglController Description="ProcessV2Profile: Initial profile failure: licensed from cache (profile status 403)"
SessionID=db0c27de-b430-4f7e-8a71-15127651a471.1606046194176 Timestamp=2020-11-22T03:56:34:422-0800 ThreadID=8384 Component=ngl-lib_NglController Description="LogCurrentUser: Cached UserID=d984c0144143d6abee6559f5d44793177226cdc1"
SessionID=db0c27de-b430-4f7e-8a71-15127651a471.1606046194176 Timestamp=2020-11-22T03:56:34:422-0800 ThreadID=8384 Component=ngl-lib_NglController Description="NotifyData: request id: 2 api: 0"
SessionID=db0c27de-b430-4f7e-8a71-15127651a471.1606046194176 Timestamp=2020-11-22T03:56:34:422-0800 ThreadID=8384 Component=ngl-lib_NglController Description="GetProfile: request 2 recieved"
SessionID=db0c27de-b430-4f7e-8a71-15127651a471.1606046194176 Timestamp=2020-11-22T03:56:34:422-0800 ThreadID=8384 Component=ngl-lib_NglController Description="GetProfile: request 2 returned status 403"
SessionID=db0c27de-b430-4f7e-8a71-15127651a471.1606046194176 Timestamp=2020-11-22T03:56:34:423-0800 ThreadID=8384 Component=ngl-lib_NglController Description="StartRecurringAuthAndProfileChecks: invoked already"
SessionID=db0c27de-b430-4f7e-8a71-15127651a471.1606046194176 Timestamp=2020-11-22T03:56:34:423-0800 ThreadID=8384 Component=ngl-lib_NglController Description="EnableProfileRefresh: invoked"
SessionID=db0c27de-b430-4f7e-8a71-15127651a471.1606046194176 Timestamp=2020-11-22T03:56:37:796-0800 ThreadID=8516 Component=ngl-lib_NglController Description="GetProxyCredentials: invoked"
SessionID=db0c27de-b430-4f7e-8a71-15127651a471.1606046194176 Timestamp=2020-11-22T03:56:37:803-0800 ThreadID=8516 Component=ngl-lib_NglCommonLib Description="GetProxyCredentials - returned with : SecureStorageStatus:8 & NglStatusCode:242"
SessionID=db0c27de-b430-4f7e-8a71-15127651a471.1606046194176 Timestamp=2020-11-22T03:56:52:253-0800 ThreadID=9100 Component=ngl-lib_NglController Description="SetProxyCredentials: invoked"
SessionID=db0c27de-b430-4f7e-8a71-15127651a471.1606046194176 Timestamp=2020-11-22T03:56:52:253-0800 ThreadID=9100 Component=ngl-lib_NglCommonLib Description="SetProxyCredentials - returned with : SecureStorageStatus:0 & NglStatusCode:0"
SessionID=db0c27de-b430-4f7e-8a71-15127651a471.1606046194176 Timestamp=2020-11-22T03:56:52:434-0800 ThreadID=9120 Component=ngl-lib_NglCommonLib Description="GetPrincipal - returned with NglStatusCode:0"
SessionID=db0c27de-b430-4f7e-8a71-15127651a471.1606046194176 Timestamp=2020-11-22T03:56:52:434-0800 ThreadID=9120 Component=ngl-lib_NglAppLib Description="GetPrincipal Status: Success"
SessionID=db0c27de-b430-4f7e-8a71-15127651a471.1606046194176 Timestamp=2020-11-22T03:56:52:434-0800 ThreadID=9120 Component=ngl-lib_NglController Description="HasDeviceToken: deviceToken is True"
SessionID=db0c27de-b430-4f7e-8a71-15127651a471.1606046194176 Timestamp=2020-11-22T03:56:52:498-0800 ThreadID=9136 Component=ngl-lib_NglCommonLib Description="GetPrincipal - returned with NglStatusCode:0"
SessionID=db0c27de-b430-4f7e-8a71-15127651a471.1606046194176 Timestamp=2020-11-22T03:56:52:498-0800 ThreadID=9136 Component=ngl-lib_NglAppLib Description="GetPrincipal Status: Success"
SessionID=db0c27de-b430-4f7e-8a71-15127651a471.1606046194176 Timestamp=2020-11-22T03:56:52:499-0800 ThreadID=9136 Component=ngl-lib_NglController Description="HasDeviceToken: deviceToken is True"
SessionID=db0c27de-b430-4f7e-8a71-15127651a471.1606046194176 Timestamp=2020-11-22T03:56:52:509-0800 ThreadID=9140 Component=ngl-lib_NglCommonLib Description="GetPrincipal - returned with NglStatusCode:0"
SessionID=db0c27de-b430-4f7e-8a71-15127651a471.1606046194176 Timestamp=2020-11-22T03:56:52:509-0800 ThreadID=9140 Component=ngl-lib_NglAppLib Description="GetPrincipal Status: Success"
SessionID=db0c27de-b430-4f7e-8a71-15127651a471.1606046194176 Timestamp=2020-11-22T03:56:52:509-0800 ThreadID=9140 Component=ngl-lib_NglController Description="HasDeviceToken: deviceToken is True"
SessionID=db0c27de-b430-4f7e-8a71-15127651a471.1606046194176 Timestamp=2020-11-22T03:56:57:423-0800 ThreadID=2768 Component=ngl-lib_NglController Description="GetImsAccessToken: invoked data?: yes workflow?: yes"
SessionID=db0c27de-b430-4f7e-8a71-15127651a471.1606046194176 Timestamp=2020-11-22T03:56:57:450-0800 ThreadID=2768 Component=ngl-lib_NglController Description="ExecuteRequest: request id: 3 api: 2 data?: yes workflow?: yes"
SessionID=db0c27de-b430-4f7e-8a71-15127651a471.1606046194176 Timestamp=2020-11-22T03:56:57:460-0800 ThreadID=8392 Component=ngl-lib_HttpRestConnectorForPost Description="SendHttpRequestSync: Post Request about to start"
SessionID=db0c27de-b430-4f7e-8a71-15127651a471.1606046194176 Timestamp=2020-11-22T03:56:57:461-0800 ThreadID=8392 Component=ngl-lib_HttpRequest Description="SendHttpRequestSyncInternal detected Windows version >= 8.1, using auto proxy settings"
SessionID=db0c27de-b430-4f7e-8a71-15127651a471.1606046194176 Timestamp=2020-11-22T03:56:57:464-0800 ThreadID=8392 Component=ngl-lib_HttpRequest Description="SendHttpRequestSyncInternal: Calling endpoint https://ims-prod06.adobelogin.com/ims/token/v1"
SessionID=db0c27de-b430-4f7e-8a71-15127651a471.1606046194176 Timestamp=2020-11-22T03:56:57:468-0800 ThreadID=8392 Component=ngl-lib_HttpRequest Description="SendHttpRequestSyncInternal failed in http send or request cancelled, error 12007"
SessionID=db0c27de-b430-4f7e-8a71-15127651a471.1606046194176 Timestamp=2020-11-22T03:56:57:469-0800 ThreadID=8392 Component=ngl-lib_HttpRestConnectorForPost Description="SendHttpRequestSync: Post Request complete"
SessionID=db0c27de-b430-4f7e-8a71-15127651a471.1606046194176 Timestamp=2020-11-22T03:56:57:469-0800 ThreadID=8392 Component=ngl-lib_IMSConnector Description="FetchAccessTokenFromDeviceTokenInternal : Http error 65535 occurred with Error response "
SessionID=db0c27de-b430-4f7e-8a71-15127651a471.1606046194176 Timestamp=2020-11-22T03:56:57:469-0800 ThreadID=8392 Component=ngl-lib_NglCommonLib ErrorID=102 Description="ImsAccessTokenInternal Error in fetching Access Token"
SessionID=db0c27de-b430-4f7e-8a71-15127651a471.1606046194176 Timestamp=2020-11-22T03:56:57:469-0800 ThreadID=8392 Component=ngl-lib_NglCommonLib Description="ImsAccessTokenInternal - returned with NglStatusCode:102"
SessionID=db0c27de-b430-4f7e-8a71-15127651a471.1606046194176 Timestamp=2020-11-22T03:56:57:469-0800 ThreadID=8392 Component=ngl-lib_NglAppLib ErrorID=102 Description="ImsAccessToken Status: Network Error"
SessionID=db0c27de-b430-4f7e-8a71-15127651a471.1606046194176 Timestamp=2020-11-22T03:56:57:497-0800 ThreadID=8392 Component=ngl-lib_NglController Description="ProcessImsResult: request id: 3 api: 2 status: 102 workflow?: no spinner?: no"
SessionID=db0c27de-b430-4f7e-8a71-15127651a471.1606046194176 Timestamp=2020-11-22T03:56:57:497-0800 ThreadID=8392 Component=ngl-lib_NglController Description="NotifyData: request id: 3 api: 2"
SessionID=db0c27de-b430-4f7e-8a71-15127651a471.1606046194176 Timestamp=2020-11-22T03:56:57:497-0800 ThreadID=8392 Component=ngl-lib_NglController Description="GetImsAccessToken: request 3 recieved"
SessionID=db0c27de-b430-4f7e-8a71-15127651a471.1606046194176 Timestamp=2020-11-22T03:56:57:497-0800 ThreadID=8392 Component=ngl-lib_NglController Description="GetImsAccessToken: request 3 returned status 102"
SessionID=db0c27de-b430-4f7e-8a71-15127651a471.1606046194176 Timestamp=2020-11-22T04:09:47:404-0800 ThreadID=11396 Component=ngl-lib_NglCommonLib Description="GetPrincipal - returned with NglStatusCode:0"
SessionID=db0c27de-b430-4f7e-8a71-15127651a471.1606046194176 Timestamp=2020-11-22T04:09:47:408-0800 ThreadID=11396 Component=ngl-lib_NglAppLib Description="GetPrincipal Status: Success"
SessionID=db0c27de-b430-4f7e-8a71-15127651a471.1606046194176 Timestamp=2020-11-22T04:09:47:409-0800 ThreadID=11396 Component=ngl-lib_NglController Description="HasDeviceToken: deviceToken is True"
SessionID=db0c27de-b430-4f7e-8a71-15127651a471.1606046194176 Timestamp=2020-11-22T04:09:47:443-0800 ThreadID=10940 Component=ngl-lib_NglController Description="GetImsAccessToken: invoked data?: yes workflow?: yes"
SessionID=db0c27de-b430-4f7e-8a71-15127651a471.1606046194176 Timestamp=2020-11-22T04:09:47:443-0800 ThreadID=10940 Component=ngl-lib_NglController Description="ExecuteRequest: request id: 4 api: 2 data?: yes workflow?: yes"
SessionID=db0c27de-b430-4f7e-8a71-15127651a471.1606046194176 Timestamp=2020-11-22T04:09:47:447-0800 ThreadID=6712 Component=ngl-lib_HttpRestConnectorForPost Description="SendHttpRequestSync: Post Request about to start"
SessionID=db0c27de-b430-4f7e-8a71-15127651a471.1606046194176 Timestamp=2020-11-22T04:09:47:447-0800 ThreadID=6712 Component=ngl-lib_HttpRequest Description="SendHttpRequestSyncInternal detected Windows version >= 8.1, using auto proxy settings"
SessionID=db0c27de-b430-4f7e-8a71-15127651a471.1606046194176 Timestamp=2020-11-22T04:09:47:454-0800 ThreadID=6712 Component=ngl-lib_HttpRequest Description="SendHttpRequestSyncInternal: Calling endpoint https://ims-prod06.adobelogin.com/ims/token/v1"
SessionID=db0c27de-b430-4f7e-8a71-15127651a471.1606046194176 Timestamp=2020-11-22T04:09:48:313-0800 ThreadID=6712 Component=ngl-lib_HttpRequest Description="SendHttpRequestSyncInternal: Received response with status 200"
SessionID=db0c27de-b430-4f7e-8a71-15127651a471.1606046194176 Timestamp=2020-11-22T04:09:48:331-0800 ThreadID=6712 Component=ngl-lib_HttpRestConnectorForPost Description="SendHttpRequestSync: Post Request complete"
SessionID=db0c27de-b430-4f7e-8a71-15127651a471.1606046194176 Timestamp=2020-11-22T04:09:48:331-0800 ThreadID=6712 Component=ngl-lib_NglCommonLib Description="ImsAccessTokenInternal - returned with NglStatusCode:0"
SessionID=db0c27de-b430-4f7e-8a71-15127651a471.1606046194176 Timestamp=2020-11-22T04:09:48:331-0800 ThreadID=6712 Component=ngl-lib_NglAppLib Description="ImsAccessToken Status: Success"
SessionID=db0c27de-b430-4f7e-8a71-15127651a471.1606046194176 Timestamp=2020-11-22T04:09:48:332-0800 ThreadID=6712 Component=ngl-lib_NglController Description="ProcessImsResult: request id: 4 api: 2 status: 0 workflow?: no spinner?: no"
SessionID=db0c27de-b430-4f7e-8a71-15127651a471.1606046194176 Timestamp=2020-11-22T04:09:48:332-0800 ThreadID=6712 Component=ngl-lib_NglController Description="NotifyData: request id: 4 api: 2"
SessionID=db0c27de-b430-4f7e-8a71-15127651a471.1606046194176 Timestamp=2020-11-22T04:09:48:332-0800 ThreadID=6712 Component=ngl-lib_NglController Description="GetImsAccessToken: request 4 recieved"
SessionID=db0c27de-b430-4f7e-8a71-15127651a471.1606046194176 Timestamp=2020-11-22T04:09:48:332-0800 ThreadID=6712 Component=ngl-lib_NglController Description="GetImsAccessToken: request 4 returned status 0"
SessionID=db0c27de-b430-4f7e-8a71-15127651a471.1606046194176 Timestamp=2020-11-22T04:09:48:493-0800 ThreadID=11664 Component=ngl-lib_NglController Description="GetProxyCredentials: invoked"
SessionID=db0c27de-b430-4f7e-8a71-15127651a471.1606046194176 Timestamp=2020-11-22T04:09:48:493-0800 ThreadID=11664 Component=ngl-lib_NglCommonLib Description="GetProxyCredentials - returned with : SecureStorageStatus:8 & NglStatusCode:242"
SessionID=db0c27de-b430-4f7e-8a71-15127651a471.1606046194176 Timestamp=2020-11-22T07:06:52:733-0800 ThreadID=8364 Component=ngl-lib_NglController Description="GetRefreshProfile: invoked with initial result: none & GetProfile type: 1"
